Current working directory: /home/d/Desktop/adaptive-attention-tiling-v2
Starting analysis of directory: src

=== Class Analysis Report ===

Analysis Date: 2024-12-17 16:27:26

Total Classes: 404
Total Protocols: 10
Total Implementation Classes: 394

Protocols:
  ReactionTerm (src/neural/attention/pattern/reaction.py)
    Bases: Protocol
    Methods: __call__

  ValidationProtocol (src/validation/framework.py)
    Bases: Protocol
    Methods: merge, to_dict, from_dict

  TensorConvertible (src/validation/geometric/model.py)
    Bases: Protocol
    Methods: to_tensor

  ConvertibleToInt (src/core/vulkan/resources.py)
    Bases: Protocol
    Methods: __int__

  BackendProtocol (src/core/interfaces/backend.py)
    Bases: Protocol
    Methods: allocate, compute

  AttentionTile (src/core/backends/base.py)
    Bases: Protocol
    Methods: compute_attention, adapt_resolution, get_memory_stats, neighbors

  AttentionBackend (src/core/backends/base.py)
    Bases: Protocol
    Methods: prepare_attention, compute_attention, optimize_tiling, cleanup

  BaseAttention (src/core/attention/base.py)
    Bases: Protocol
    Methods: forward

  FiberBundle (src/core/tiling/patterns/cohomology.py)
    Bases: Protocol
    Methods: get_fiber, get_connection

  RiemannianFramework (src/core/patterns/riemannian.py)
    Bases: Protocol
    Methods: __call__, forward, structure, exp_map, compute_metric, compute_christoffel, compute_riemann, get_metric_tensor, get_christoffel_values, get_riemann_tensor


Implementation Classes:
  MemoryStats (src/infrastructure/base.py)
    Methods: 

  DeviceInfo (src/infrastructure/base.py)
    Methods: 

  ResourceAllocationError (src/infrastructure/base.py)
    Bases: Exception
    Methods: 

  CPUOptimizer (src/infrastructure/base.py)
    Methods: __init__, profile, get_thread_info, optimize, get_metrics

  MemoryManager (src/infrastructure/base.py)
    Methods: __init__, manage_tensor, get_memory_stats, optimize, cleanup

  VulkanIntegration (src/infrastructure/base.py)
    Methods: __init__, get_device_info, create_buffer, compute, download_buffer, wait_idle, get_queue_status

  ParallelProcessor (src/infrastructure/base.py)
    Methods: __init__, partition_data, process_parallel, merge_results, get_stats

  ResourceAllocator (src/infrastructure/base.py)
    Methods: __init__, get_status, plan_allocation, run_with_limits, cleanup

  InfrastructureMetrics (src/infrastructure/base.py)
    Methods: collect

  ProfileContext (src/infrastructure/base.py)
    Methods: __enter__, __exit__

  OptimizeContext (src/infrastructure/base.py)
    Methods: __enter__, __exit__

  ParallelProcessor (src/infrastructure/parallel.py)
    Methods: __init__, parallel_map, parallel_execute, batch_process, cleanup

  CPUOptimizer (src/infrastructure/cpu_optimizer.py)
    Methods: __init__, _get_optimal_thread_pool_size, optimize_memory_layout, enable_vectorization, enable_cache_optimization, set_thread_pool_size

  ResourceMetrics (src/infrastructure/metrics.py)
    Methods: 

  PerformanceMetrics (src/infrastructure/metrics.py)
    Methods: 

  InfrastructureMetrics (src/infrastructure/metrics.py)
    Methods: __post_init__, get_summary

  ResourceAllocator (src/infrastructure/resource.py)
    Methods: __init__, allocate_memory, allocate_compute, free, get_available_memory, get_available_compute, cleanup

  MemoryManager (src/infrastructure/memory_manager.py)
    Methods: __init__, allocate, deallocate, clear_pools

  VulkanIntegration (src/infrastructure/vulkan_integration.py)
    Methods: __init__, initialize, create_compute_pipeline, execute_compute, cleanup

  PatternDynamics (src/neural/attention/pattern_dynamics.py)
    Bases: _PatternDynamics
    Methods: __init__, reaction_term, generate_target_pattern, evolve_spatiotemporal

  QuantumState (src/neural/attention/pattern/quantum.py)
    Methods: state_vector, evolve

  QuantumGeometricTensor (src/neural/attention/pattern/quantum.py)
    Methods: __init__, compute_tensor, decompose, _parameter_derivative, _apply_param_shift

  PatternDynamics (src/neural/attention/pattern/dynamics.py)
    Methods: __init__, _to_quantum_state, _from_quantum_state, compute_next_state, evolve_pattern, compute_jacobian, compute_stability_matrix, compute_eigenvalues, compute_energy, is_stable, apply_diffusion, apply_reaction, evolve_spatiotemporal, detect_pattern_formation, compute_lyapunov_spectrum, test_structural_stability, bifurcation_analysis, compute_normal_form, _compute_hopf_coefficient, _compute_pitchfork_coefficient, _compute_saddle_node_coefficient, _classify_bifurcation, step, reaction_diffusion, stability_analysis, find_reaction_fixed_points, find_homogeneous_state, pattern_control, compute_linearization, apply_symmetry, apply_scale_transform, forward, __call__, compute_quantum_potential, compute_berry_phase, _parallel_transport

  ReactionDiffusionState (src/neural/attention/pattern/models.py)
    Methods: sum

  StabilityInfo (src/neural/attention/pattern/models.py)
    Methods: 

  StabilityMetrics (src/neural/attention/pattern/models.py)
    Methods: 

  ControlSignal (src/neural/attention/pattern/models.py)
    Methods: __init__, magnitude, apply

  BifurcationPoint (src/neural/attention/pattern/models.py)
    Methods: 

  BifurcationDiagram (src/neural/attention/pattern/models.py)
    Methods: 

  DiffusionSystem (src/neural/attention/pattern/diffusion.py)
    Bases: nn.Module
    Methods: __init__, forward, apply_diffusion, test_convergence

  ReactionSystem (src/neural/attention/pattern/reaction.py)
    Methods: __init__, reaction_term, _wrap_reaction_term, apply_reaction, find_reaction_fixed_points

  StabilityAnalyzer (src/neural/attention/pattern/stability.py)
    Methods: __init__, is_stable, compute_stability, compute_jacobian, compute_eigenvalues, find_bifurcation, analyze_stability, compute_lyapunov_spectrum, _apply_jacobian

  FlowMetrics (src/neural/flow/geometric_flow.py)
    Methods: 

  SingularityInfo (src/neural/flow/geometric_flow.py)
    Methods: __init__, is_removable, get_blowup_rate

  RicciTensorNetwork (src/neural/flow/geometric_flow.py)
    Bases: nn.Module
    Methods: __init__, compute_metric, compute_christoffel, forward

  FlowStepNetwork (src/neural/flow/geometric_flow.py)
    Bases: nn.Module
    Methods: __init__, compute_metric, normalize_flow, compute_flow_vector, compute_energy, forward

  SingularityDetector (src/neural/flow/geometric_flow.py)
    Bases: nn.Module
    Methods: __init__, detect_singularities, _classify_singularity

  FlowNormalizer (src/neural/flow/geometric_flow.py)
    Bases: nn.Module
    Methods: __init__, normalize_flow, normalize_flow_vector

  GeometricFlow (src/neural/flow/geometric_flow.py)
    Bases: nn.Module
    Methods: __init__, forward, points, points, metric, metric, compute_connection, compute_ricci_tensor, compute_metric, compute_flow, flow_step, detect_singularities, evolve, normalize_flow_sequence, step, compute_flow_vector, compute_mean_curvature, flow_step_points, normalize_flow, compute_energy, compute_blow_up_sequence, _classify_singularity

  PhaseSpacePoint (src/neural/flow/hamiltonian.py)
    Methods: 

  SymplecticForm (src/neural/flow/hamiltonian.py)
    Methods: 

  ConservedQuantity (src/neural/flow/hamiltonian.py)
    Methods: 

  CanonicalTransform (src/neural/flow/hamiltonian.py)
    Methods: __init__, transform, _f1_transform, _f2_transform, _f3_transform, _f4_transform, _inverse_transform

  HamiltonianNetwork (src/neural/flow/hamiltonian.py)
    Bases: nn.Module
    Methods: __init__, forward

  SymplecticIntegrator (src/neural/flow/hamiltonian.py)
    Bases: nn.Module
    Methods: __init__, compute_symplectic_form, step

  PoissonBracket (src/neural/flow/hamiltonian.py)
    Bases: nn.Module
    Methods: __init__, compute_bracket

  ConservationLaws (src/neural/flow/hamiltonian.py)
    Bases: nn.Module
    Methods: __init__, detect_invariants, track_conservation

  HamiltonianSystem (src/neural/flow/hamiltonian.py)
    Bases: nn.Module
    Methods: __init__, forward, evolve, _to_phase_space, compute_energy, evolve_states

  LoadBalanceAnalyzer (src/metrics/load_analyzer.py)
    Methods: __init__, history, add_metrics, get_load_distribution, get_convergence_rate, get_stability_score, analyze_network, get_recommendations

  MetricsTracker (src/metrics/metrics_tracker.py)
    Methods: __init__, reset, compute_metrics

  SyntheticDataGenerator (src/metrics/synthetic_data.py)
    Methods: __init__, generate_constant_sequence, generate_random_sequence, generate_pattern_sequence, generate_density_pattern, generate_mixed_sequence, generate_test_batch, generate_test_sequence, generate_edge_cases

  MetricDomain (src/metrics/quantum_geometric_metrics.py)
    Bases: Enum
    Methods: 

  MetricContext (src/metrics/quantum_geometric_metrics.py)
    Methods: 

  BaseMetric (src/metrics/quantum_geometric_metrics.py)
    Methods: __init__, update, compute, reset

  QuantumMetrics (src/metrics/quantum_geometric_metrics.py)
    Methods: __init__, compute_cohomology_class, compute_quantum_entropy, compute_motive_height

  ArithmeticMetrics (src/metrics/quantum_geometric_metrics.py)
    Methods: __init__, compute_local_height, compute_global_height, compute_height_distribution, compute_l_function, compute_adelic_norm

  GeometricMetrics (src/metrics/quantum_geometric_metrics.py)
    Methods: __init__, compute_geodesic_distance, compute_parallel_transport, compute_curvature

  PatternMetrics (src/metrics/quantum_geometric_metrics.py)
    Methods: compute_pattern_entropy, compute_pattern_complexity, compute_pattern_stability

  UnifiedMetrics (src/metrics/quantum_geometric_metrics.py)
    Methods: __init__, compute_all_metrics, compute_pattern_evolution

  TensorManager (src/utils/memory_management.py)
    Methods: __init__, set_max_tensor_size, register_tensor, _cleanup_tensor, cleanup_operation, operation_scope, disable, clear_all

  MemoryOptimizer (src/utils/memory_management.py)
    Methods: __init__, set_max_memory_usage, optimize, clear_memory, get_memory_stats

  ValidationResult (src/validation/base.py)
    Bases: ABC
    Methods: __init__, merge, to_dict, from_dict, __str__

  BasicValidationResult (src/validation/base.py)
    Methods: merge, to_dict, from_dict

  FrameworkValidationResult (src/validation/framework.py)
    Methods: __init__, merge, to_dict, from_dict, __str__

  ConcreteValidationResult (src/validation/framework.py)
    Methods: merge, to_dict, from_dict, __post_init__, overall_score, get_summary, validate_metric, validate_positive_definite, validate_smoothness

  ValidationFramework (src/validation/framework.py)
    Methods: __init__, validate_all, safe_int_cast, validate_geometry, validate_quantum_state, validate_pattern_formation, save_results, load_results

  UnitaryValidation (src/validation/quantum/evolution.py)
    Methods: 

  DecoherenceValidation (src/validation/quantum/evolution.py)
    Methods: 

  AdiabaticValidation (src/validation/quantum/evolution.py)
    Methods: 

  UnitaryValidator (src/validation/quantum/evolution.py)
    Methods: __init__, validate_unitary, _check_unitarity, _compute_phase_error, _check_norm_preservation, _measure_coherence

  DecoherenceValidator (src/validation/quantum/evolution.py)
    Methods: __init__, validate_decoherence, _compute_decoherence_time, _compute_decay_rate, _compute_purity_loss, _compute_entropy_increase

  AdiabaticValidator (src/validation/quantum/evolution.py)
    Methods: __init__, validate_adiabatic, _compute_energy_gap, _compute_transition, _compute_fidelity

  QuantumEvolutionValidator (src/validation/quantum/evolution.py)
    Methods: __init__, validate

  QuantumStateValidationResult (src/validation/quantum/state.py)
    Methods: __init__, merge, to_dict, from_dict, _convert_tensor_data, __str__, _tensor_repr

  StateProperties (src/validation/quantum/state.py)
    Methods: 

  UncertaintyMetrics (src/validation/quantum/state.py)
    Methods: 

  StatePreparationValidation (src/validation/quantum/state.py)
    Methods: 

  DensityMatrixValidation (src/validation/quantum/state.py)
    Methods: 

  TomographyValidation (src/validation/quantum/state.py)
    Methods: 

  EntanglementMetrics (src/validation/quantum/state.py)
    Methods: 

  StatePreparationValidator (src/validation/quantum/state.py)
    Methods: __init__, validate_preparation, _compute_fidelity, _compute_trace_distance, _compute_purity, _compute_concurrence, _validate_density_matrix, _validate_tomography, _reconstruct_state, _compute_tomography_completeness, _compute_tomography_confidence

  DensityMatrixValidator (src/validation/quantum/state.py)
    Methods: __init__, validate_density_matrix

  TomographyValidator (src/validation/quantum/state.py)
    Methods: __init__, validate_tomography, _reconstruct_state, _compute_completeness, _compute_confidence, _compute_fidelity

  StateValidator (src/validation/quantum/state.py)
    Methods: __init__, validate_state, validate_uncertainty, _position_operator, _momentum_operator, _hamiltonian, _calculate_uncertainty

  QuantumStateValidator (src/validation/quantum/state.py)
    Methods: __init__, validate

  TilingFlowValidationResult (src/validation/geometric/flow.py)
    Methods: __init__, merge, to_dict, from_dict, __str__, _tensor_repr

  TilingFlowValidator (src/validation/geometric/flow.py)
    Methods: __init__, validate_metric_tensor, validate_flow_stability, validate_chart_transition, validate_energy_conservation, validate_flow

  HeightValidation (src/validation/geometric/motivic.py)
    Methods: 

  MotivicValidation (src/validation/geometric/motivic.py)
    Methods: 

  MotivicValidator (src/validation/geometric/motivic.py)
    Methods: __init__, validate_height, validate_dynamics, validate_cohomology, _validate_local_heights, _validate_global_height, _check_northcott_property, _validate_cohomology_bounds, _compute_error_bounds

  MotivicRiemannianValidator (src/validation/geometric/motivic.py)
    Methods: __init__, validate

  MetricValidation (src/validation/geometric/metric.py)
    Methods: __post_init__

  ConnectionValidation (src/validation/geometric/metric.py)
    Methods: 

  CurvatureValidation (src/validation/geometric/metric.py)
    Methods: 

  MetricProperties (src/validation/geometric/metric.py)
    Methods: 

  CurvatureBounds (src/validation/geometric/metric.py)
    Methods: 

  MetricValidator (src/validation/geometric/metric.py)
    Methods: __init__, validate_metric, check_metric_bounds, compute_metric_values, _check_completeness, _check_local_completeness, _check_normal_neighborhood, _check_hopf_rinow_conditions, _compute_christoffel_symbols, _compute_score_function, _check_geodesic_completeness, _compute_geodesic_acceleration, compute_score_function, compute_metric_gradient, compute_height_function, _validate_height_bounds, compute_local_heights, _validate_local_bounds, compute_global_height, validate_global_bounds, check_homotopy_invariants, check_geodesic_completeness, check_northcott_property, validate_height_bounds, validate_local_bounds, get_test_connection, validate_connection_compatibility, compute_torsion, get_holonomy_group, validate_holonomy_reduction, get_holonomy_algebra, validate_holonomy_algebra, compute_chern_classes, validate_chern_classes, compute_pontryagin_classes, validate_pontryagin_classes, check_local_completeness, check_normal_neighborhood, check_hopf_rinow_conditions, _compute_pattern_energy, validate_torsion_free, validate_fisher_rao, check_completeness, validate_height_functions, compute_volume_form, compute_christoffel_symbols, compute_sectional_curvature, compute_ricci_curvature, compute_scalar_curvature, validate_metric_properties, validate_curvature_bounds, validate_curvature_symmetries, validate_sectional_bounds, validate_ricci_bounds, validate_metric_family, get_validation_summary

  ConnectionValidator (src/validation/geometric/metric.py)
    Methods: __init__, validate_connection

  CurvatureValidator (src/validation/geometric/metric.py)
    Methods: __init__, validate_curvature, _compute_sectional

  GeometricMetricValidator (src/validation/geometric/metric.py)
    Methods: __init__, validate, check_geodesic_completeness

  GeometricValidationResult (src/validation/geometric/model.py)
    Methods: __init__, merge, to_dict, from_dict, __str__

  ModelGeometricValidator (src/validation/geometric/model.py)
    Methods: __init__, validate_layer_geometry, validate_attention_geometry, validate_cross_layer_geometry, validate_model_geometry, _validate_attention_compatibility, _check_metric_compatibility, _check_connection_compatibility, _check_geometric_preservation, _compute_distribution_distance, _compute_pairwise_distances, _validate_global_properties, _check_layer_curvature, _check_global_energy, _compute_sectional_curvature

  HamiltonianFlowValidationResult (src/validation/flow/hamiltonian.py)
    Methods: __init__, merge, to_dict, from_dict, __str__, _tensor_repr

  HamiltonianValidation (src/validation/flow/hamiltonian.py)
    Methods: 

  SymplecticValidation (src/validation/flow/hamiltonian.py)
    Methods: 

  PhaseSpaceValidation (src/validation/flow/hamiltonian.py)
    Methods: 

  HamiltonianFlowValidator (src/validation/flow/hamiltonian.py)
    Methods: __init__, validate_energy_conservation, validate_symplectic_form, validate_flow

  HamiltonianValidator (src/validation/flow/hamiltonian.py)
    Methods: __init__, validate_hamiltonian, _estimate_recurrence

  SymplecticValidator (src/validation/flow/hamiltonian.py)
    Methods: __init__, validate_symplectic

  PhaseSpaceValidator (src/validation/flow/hamiltonian.py)
    Methods: __init__, validate_phase_space, _check_ergodicity, _compute_mixing, _compute_entropy, _compute_lyapunov

  FlowValidator (src/validation/flow/hamiltonian.py)
    Methods: __init__, validate

  LinearStabilityValidation (src/validation/flow/stability.py)
    Methods: 

  NonlinearStabilityValidation (src/validation/flow/stability.py)
    Methods: 

  StructuralStabilityValidation (src/validation/flow/stability.py)
    Methods: 

  LinearStabilityValidator (src/validation/flow/stability.py)
    Methods: __init__, validate_stability

  NonlinearStabilityValidator (src/validation/flow/stability.py)
    Methods: __init__, validate_stability, _compute_lyapunov, _estimate_basin, _find_perturbation_bound

  StructuralStabilityValidator (src/validation/flow/stability.py)
    Methods: __init__, validate_stability, _compute_sensitivity, _measure_robustness, _estimate_bifurcation

  StabilityValidator (src/validation/flow/stability.py)
    Methods: __init__, validate

  ModeDecomposer (src/validation/patterns/decomposition.py)
    Methods: __init__, analyze_modes, _compute_fourier_modes, _extract_dominant_modes, _compute_mode_interactions

  PerturbationMetrics (src/validation/patterns/perturbation.py)
    Methods: 

  PerturbationAnalyzer (src/validation/patterns/perturbation.py)
    Methods: __init__, analyze_perturbation, _generate_perturbation, _compute_linear_response, _estimate_recovery_time, _compute_stability_margin, _find_max_amplitude

  PatternStabilityResult (src/validation/patterns/stability.py)
    Methods: merge, to_dict, from_dict

  PatternValidator (src/validation/patterns/stability.py)
    Methods: __init__, validate, _compute_lyapunov_exponents, _test_perturbation_response

  MetricsDict (src/validation/patterns/formation.py)
    Methods: __getitem__, __setitem__, update

  SpatialMetrics (src/validation/patterns/formation.py)
    Methods: __init__, compute_spatial_statistics, compute_spatial_correlations, analyze_spatial_structure

  TemporalMetrics (src/validation/patterns/formation.py)
    Methods: __init__, compute_temporal_statistics, compute_temporal_correlations, analyze_temporal_structure

  PatternModeAnalyzer (src/validation/patterns/formation.py)
    Methods: __init__, compute_spatial_modes, reconstruct_pattern, compute_mode_correlations, analyze_modes

  EmergenceMetrics (src/validation/patterns/formation.py)
    Methods: __init__, detect_pattern, find_peaks, compute_emergence_time, validate_emergence

  EmergenceValidation (src/validation/patterns/formation.py)
    Methods: 

  SpatialValidation (src/validation/patterns/formation.py)
    Methods: 

  TemporalValidation (src/validation/patterns/formation.py)
    Methods: 

  BifurcationPoint (src/validation/patterns/formation.py)
    Methods: 

  EmergenceValidator (src/validation/patterns/formation.py)
    Methods: __init__, validate_emergence, _compute_coherence, _compute_stability, _compute_formation_time

  SpatialValidator (src/validation/patterns/formation.py)
    Methods: __init__, validate_spatial, _compute_wavelength, _analyze_symmetry, _check_translation, _check_rotation, _check_reflection, _count_defects, _compute_correlation

  TemporalValidator (src/validation/patterns/formation.py)
    Methods: __init__, validate_temporal, _compute_frequency, _check_phase_locking, _compute_drift, _measure_persistence

  BifurcationAnalyzer (src/validation/patterns/formation.py)
    Methods: __init__, analyze_bifurcations, _evolve_to_steady_state, _compute_stability, _detect_bifurcation, _classify_pattern

  FormationValidationResult (src/validation/patterns/formation.py)
    Methods: __init__, merge, to_dict, from_dict

  FormationValidator (src/validation/patterns/formation.py)
    Methods: __init__, validate_formation, validate_spatial, validate_temporal

  PatternFormationValidator (src/validation/patterns/formation.py)
    Methods: __init__, validate

  VkMemoryRequirements (src/core/vulkan/resources.py)
    Bases: Structure
    Methods: 

  MemoryRequirements (src/core/vulkan/resources.py)
    Methods: from_vulkan

  BufferResource (src/core/vulkan/resources.py)
    Methods: 

  ImageResource (src/core/vulkan/resources.py)
    Methods: 

  VulkanResources (src/core/vulkan/resources.py)
    Methods: __init__, create_buffer, create_image, destroy_buffer, destroy_image, cleanup

  MemoryBlock (src/core/vulkan/memory.py)
    Methods: 

  VulkanMemory (src/core/vulkan/memory.py)
    Methods: __init__, allocate, free, _find_memory_type, get_stats, cleanup

  LayerGeometry (src/core/models/base.py)
    Bases: nn.Module
    Methods: __init__, metric, connection, get_riemannian_framework

  LayerGeometryDict (src/core/models/base.py)
    Bases: nn.ModuleDict
    Methods: __getitem__

  ModelGeometry (src/core/models/base.py)
    Bases: nn.Module
    Methods: __init__, add_layer, add_attention_head, get_layer, get_attention_head

  OperationMetrics (src/core/benchmarks/metrics.py)
    Methods: 

  BenchmarkMetrics (src/core/benchmarks/metrics.py)
    Methods: record_operation, from_model, update_timing, update_memory, compute_throughput, to_dict

  QuantumState (src/core/quantum/types.py)
    Methods: __post_init__, shape, data, norm, density_matrix, inner_product, outer_product, evolve, partial_trace, to_device, hilbert_space, num_qubits, is_pure, state_vector

  LatticeVector (src/core/quantum/crystal.py)
    Methods: 

  BravaisLattice (src/core/quantum/crystal.py)
    Methods: __init__, _initialize_direct_lattice, _compute_reciprocal_lattice, _initialize_symmetries

  BrillouinZone (src/core/quantum/crystal.py)
    Methods: __init__, _initialize_band_hamiltonian, _get_high_symmetry_points, compute_band_structure

  BlochFunction (src/core/quantum/crystal.py)
    Methods: __init__, compute_bloch_function, compute_momentum

  CrystalSymmetry (src/core/quantum/crystal.py)
    Methods: __init__, _generate_point_group, _generate_space_group, apply_symmetry

  HilbertSpace (src/core/quantum/state_space.py)
    Methods: __init__, _initialize_basis, _initialize_observables, prepare_state, entanglement_entropy, evolve_state, measure_observable, compute_entropy, compute_negativity, parallel_transport, compute_berry_phase, apply_quantum_channel, reconstruct_state, evolve_with_decoherence, state_fidelity, measure_variance, fubini_study_distance, quantum_tangent_vector, compute_concurrence, evaluate_entanglement_witness

  Path (src/core/quantum/path_integral.py)
    Methods: 

  ActionFunctional (src/core/quantum/path_integral.py)
    Methods: __init__, compute_action, stationary_points

  PathSampler (src/core/quantum/path_integral.py)
    Methods: __init__, sample_paths

  Propagator (src/core/quantum/path_integral.py)
    Methods: __init__, propagate

  StationaryPhase (src/core/quantum/path_integral.py)
    Methods: __init__, find_classical_path, quantum_corrections

  GeometricFlowMetrics (src/core/quantum/geometric_flow.py)
    Methods: 

  RicciFlow (src/core/quantum/geometric_flow.py)
    Methods: __init__, compute_ricci_curvature, flow_step

  MeanCurvatureFlow (src/core/quantum/geometric_flow.py)
    Methods: __init__, compute_mean_curvature, flow_step

  BerryTransport (src/core/quantum/geometric_flow.py)
    Methods: __init__, compute_berry_phase, parallel_transport

  GeometricFlowAnalyzer (src/core/quantum/geometric_flow.py)
    Methods: __init__, analyze_flow

  AttentionProtocol (src/core/interfaces/attention.py)
    Methods: forward, prepare_tiles

  MemoryMetrics (src/core/performance/memory_base.py)
    Methods: 

  MemoryError (src/core/performance/memory_base.py)
    Bases: Exception
    Methods: 

  MemoryManagerBase (src/core/performance/memory_base.py)
    Bases: ABC
    Methods: __init__, allocate_tensor, free_tensor, copy_to_device, copy_from_device, get_allocated_memory, get_peak_memory, get_fragmentation_ratio, get_metrics, record_metric, cleanup

  PerformanceMetrics (src/core/performance/cpu_optimizer.py)
    Methods: 

  CPUOptimizer (src/core/performance/cpu_optimizer.py)
    Methods: __init__, _setup_profilers, profile_execution, optimize_memory_access, vectorize_operation, optimize_computation, _log_profile_results, get_performance_metrics

  CPUMemoryManager (src/core/performance/cpu_memory.py)
    Bases: MemoryManagerBase
    Methods: __init__, allocate_tensor, free_tensor, copy_to_device, copy_from_device, get_fragmentation_ratio, cleanup, __del__

  VulkanBuffer (src/core/performance/vulkan_memory.py)
    Methods: 

  VulkanMemoryManager (src/core/performance/vulkan_memory.py)
    Bases: MemoryManagerBase
    Methods: __init__, allocate_tensor, free_tensor, copy_to_device, copy_from_device, get_fragmentation_ratio, _find_memory_type, _clear_buffer_pool, cleanup, __del__

  VkShaderModuleCreateInfo (src/core/performance/vulkan/shaders.py)
    Bases: Structure
    Methods: 

  VkDescriptorSetLayoutBinding (src/core/performance/vulkan/shaders.py)
    Bases: Structure
    Methods: 

  VkDescriptorSetLayoutCreateInfo (src/core/performance/vulkan/shaders.py)
    Bases: Structure
    Methods: 

  VkPushConstantRange (src/core/performance/vulkan/shaders.py)
    Bases: Structure
    Methods: 

  VkPipelineLayoutCreateInfo (src/core/performance/vulkan/shaders.py)
    Bases: Structure
    Methods: 

  VkPipelineShaderStageCreateInfo (src/core/performance/vulkan/shaders.py)
    Bases: Structure
    Methods: 

  VkComputePipelineCreateInfo (src/core/performance/vulkan/shaders.py)
    Bases: Structure
    Methods: 

  VkCommandBufferAllocateInfo (src/core/performance/vulkan/shaders.py)
    Bases: Structure
    Methods: 

  VkCommandBufferBeginInfo (src/core/performance/vulkan/shaders.py)
    Bases: Structure
    Methods: 

  VkSubmitInfo (src/core/performance/vulkan/shaders.py)
    Bases: Structure
    Methods: 

  ShaderManager (src/core/performance/vulkan/shaders.py)
    Methods: __init__, create_shader_module, create_compute_pipeline, cleanup

  ComputeShaderDispatcher (src/core/performance/vulkan/shaders.py)
    Methods: __init__, dispatch

  ShaderCompiler (src/core/performance/vulkan/shaders.py)
    Methods: __init__, compile_shader, compile_all_shaders

  AccessPattern (src/core/performance/vulkan/memory/barrier_manager.py)
    Bases: Enum
    Methods: 

  VkBufferMemoryBarrier (src/core/performance/vulkan/memory/barrier_manager.py)
    Bases: Structure
    Methods: 

  BarrierManager (src/core/performance/vulkan/memory/barrier_manager.py)
    Methods: __init__, add_compute_read_barrier, add_compute_write_barrier, add_transfer_read_barrier, add_transfer_write_barrier, global_barrier, record_barriers

  BufferInfo (src/core/performance/vulkan/memory/buffer_manager.py)
    Methods: 

  BufferManager (src/core/performance/vulkan/memory/buffer_manager.py)
    Methods: __init__, _find_memory_type, create_buffer, get_staging_buffer, return_staging_buffer, map_memory, unmap_memory, copy_to_device, cleanup

  MemoryBlock (src/core/performance/vulkan/memory/memory_pool.py)
    Methods: 

  MemoryPool (src/core/performance/vulkan/memory/memory_pool.py)
    Methods: 

  MemoryPoolManager (src/core/performance/vulkan/memory/memory_pool.py)
    Methods: __init__, _find_memory_type, _create_pool, _find_free_block, _split_block, allocate, free, garbage_collect, cleanup

  PerformanceBottleneck (src/core/performance/analysis/analyzer.py)
    Methods: 

  RegressionResult (src/core/performance/analysis/analyzer.py)
    Methods: 

  PerformanceAnalyzer (src/core/performance/analysis/analyzer.py)
    Methods: __init__, analyze_metrics, analyze_regression

  PerformanceVisualizer (src/core/performance/analysis/analyzer.py)
    Methods: __init__, plot_timeline, plot_memory_graph, plot_heatmap

  ReportGenerator (src/core/performance/analysis/analyzer.py)
    Methods: __init__, generate_performance_report, generate_regression_report, generate_optimization_report

  VkExtent3D (src/core/performance/benchmarks/vulkan/benchmark_runner.py)
    Bases: Structure
    Methods: 

  VkQueueFamilyProperties (src/core/performance/benchmarks/vulkan/benchmark_runner.py)
    Bases: Structure
    Methods: 

  VkApplicationInfo (src/core/performance/benchmarks/vulkan/benchmark_runner.py)
    Bases: Structure
    Methods: 

  VkInstanceCreateInfo (src/core/performance/benchmarks/vulkan/benchmark_runner.py)
    Bases: Structure
    Methods: 

  VkDeviceQueueCreateInfo (src/core/performance/benchmarks/vulkan/benchmark_runner.py)
    Bases: Structure
    Methods: 

  VkPhysicalDeviceFeatures (src/core/performance/benchmarks/vulkan/benchmark_runner.py)
    Bases: Structure
    Methods: 

  VkDeviceCreateInfo (src/core/performance/benchmarks/vulkan/benchmark_runner.py)
    Bases: Structure
    Methods: 

  VkCommandPoolCreateInfo (src/core/performance/benchmarks/vulkan/benchmark_runner.py)
    Bases: Structure
    Methods: 

  VulkanBenchmarkRunner (src/core/performance/benchmarks/vulkan/benchmark_runner.py)
    Methods: __init__, _create_instance, _get_physical_device, _find_queue_family, _create_device, run_all_benchmarks, cleanup

  VkCommandBufferAllocateInfo (src/core/performance/benchmarks/vulkan/memory_benchmarks.py)
    Bases: Structure
    Methods: 

  VkCommandBufferBeginInfo (src/core/performance/benchmarks/vulkan/memory_benchmarks.py)
    Bases: Structure
    Methods: 

  VkSubmitInfo (src/core/performance/benchmarks/vulkan/memory_benchmarks.py)
    Bases: Structure
    Methods: 

  BenchmarkResult (src/core/performance/benchmarks/vulkan/memory_benchmarks.py)
    Methods: plot

  VulkanMemoryBenchmark (src/core/performance/benchmarks/vulkan/memory_benchmarks.py)
    Methods: __init__, _measure_transfer_speed, _measure_allocation_overhead, _measure_barrier_overhead, run_benchmarks, run_and_report

  ScalingResult (src/core/performance/benchmarks/scaling/tests.py)
    Methods: 

  ScalingBenchmarks (src/core/performance/benchmarks/scaling/tests.py)
    Methods: __init__, benchmark_strong_scaling, benchmark_weak_scaling, benchmark_memory_scaling, run_all_benchmarks, get_summary

  MemoryBenchmarkResult (src/core/performance/benchmarks/memory/allocation.py)
    Methods: 

  MemoryBenchmarks (src/core/performance/benchmarks/memory/allocation.py)
    Methods: __init__, benchmark_allocation_patterns, benchmark_transfer_speeds, benchmark_cache_efficiency, run_all_benchmarks, get_summary

  BenchmarkResult (src/core/performance/benchmarks/core/operations.py)
    Methods: 

  CoreBenchmarks (src/core/performance/benchmarks/core/operations.py)
    Methods: __init__, benchmark_attention, benchmark_pattern_formation, benchmark_flow_evolution, run_all_benchmarks, get_summary

  PerformanceMetrics (src/core/performance/monitoring/metrics.py)
    Methods: 

  MetricsCollector (src/core/performance/monitoring/metrics.py)
    Methods: __init__, record_metric, get_metrics, get_summary, get_bottlenecks, clear_metrics, export_metrics

  ProfileResult (src/core/performance/profiling/tools.py)
    Methods: 

  CPUProfiler (src/core/performance/profiling/tools.py)
    Methods: __init__, profile

  MemoryProfiler (src/core/performance/profiling/tools.py)
    Methods: __init__, profile

  CacheProfiler (src/core/performance/profiling/tools.py)
    Methods: __init__, profile, record_cache_access

  SystemProfiler (src/core/performance/profiling/tools.py)
    Methods: __init__, start_monitoring, stop_monitoring, _collect_system_stats, get_summary

  ProfilingManager (src/core/performance/profiling/tools.py)
    Methods: __init__, profile, get_results, clear_results

  VectorizationMetrics (src/core/performance/cpu/vectorization.py)
    Methods: 

  VectorizationOptimizer (src/core/performance/cpu/vectorization.py)
    Methods: __init__, profile_vectorization, _calculate_memory_usage, vectorize_attention, vectorize_pattern_dynamics, vectorize_geometric_flow, _compute_evolution_rate, _estimate_vectorization_efficiency, get_metrics, clear_metrics

  FastPathDict (src/core/performance/cpu/algorithms.py)
    Bases: TypedDict
    Methods: 

  AlgorithmMetrics (src/core/performance/cpu/algorithms.py)
    Methods: 

  InstructionCounter (src/core/performance/cpu/algorithms.py)
    Methods: __init__, get_instruction_count

  FastPathOptimizer (src/core/performance/cpu/algorithms.py)
    Methods: __init__, register_fast_path, optimize

  BranchOptimizer (src/core/performance/cpu/algorithms.py)
    Methods: __init__, likely, optimize_branches

  LoopOptimizer (src/core/performance/cpu/algorithms.py)
    Methods: __init__, unroll, fuse_loops

  NumericalOptimizer (src/core/performance/cpu/algorithms.py)
    Methods: __init__, optimize_precision, stable_softmax

  AlgorithmOptimizer (src/core/performance/cpu/algorithms.py)
    Methods: __init__, register_fast_path, register_operation, optimize_operation, set_optimization_level, optimize_algorithm, get_metrics, clear_metrics

  MemoryStats (src/core/performance/cpu/memory.py)
    Methods: 

  MemoryPool (src/core/performance/cpu/memory.py)
    Methods: __init__, acquire, release, _cleanup

  CacheOptimizer (src/core/performance/cpu/memory.py)
    Methods: __init__, optimize_layout, prefetch

  MemoryManager (src/core/performance/cpu/memory.py)
    Methods: __init__, create_pool, clear_metrics, optimize_tensor, release_tensor, _calculate_fragmentation, get_memory_stats, clear_stats, allocate

  MemoryMetrics (src/core/performance/cpu/memory_management.py)
    Methods: 

  MemoryManager (src/core/performance/cpu/memory_management.py)
    Methods: __init__, allocate_tensor, get_allocated_memory, get_peak_memory, get_fragmentation_ratio, inplace_operation, optimized_matmul, __del__

  GPUMemoryManager (src/core/performance/gpu/memory_management.py)
    Methods: __init__, allocate, free, clear_cache, get_memory_stats, __enter__, __exit__

  ResolutionStrategy (src/core/backends/base.py)
    Bases: Enum
    Methods: 

  ResourceProfile (src/core/backends/base.py)
    Methods: __init__

  VkMemoryType (src/core/backends/vulkan/buddy_allocator.py)
    Bases: Structure
    Methods: 

  VkMemoryHeap (src/core/backends/vulkan/buddy_allocator.py)
    Bases: Structure
    Methods: 

  VkPhysicalDeviceMemoryProperties (src/core/backends/vulkan/buddy_allocator.py)
    Bases: Structure
    Methods: 

  BuddyBlock (src/core/backends/vulkan/buddy_allocator.py)
    Methods: 

  BuddyAllocator (src/core/backends/vulkan/buddy_allocator.py)
    Methods: __init__, allocate, free, _find_memory_type, _allocate_new_pool, _update_fragmentation, get_stats, cleanup

  MemoryManager (src/core/backends/vulkan/memory.py)
    Methods: __init__, _find_memory_type, _create_memory_pool, allocate_buffer, _find_pool_space, copy_to_device, copy_from_device, free_buffer, __del__

  PipelineType (src/core/backends/vulkan/pipeline.py)
    Bases: Enum
    Methods: 

  ShaderStage (src/core/backends/vulkan/pipeline.py)
    Methods: 

  VulkanPipeline (src/core/backends/vulkan/pipeline.py)
    Methods: __init__, create_pipeline, get_pipeline, get_layout, get_descriptor_layout, _create_pipeline_cache, _create_descriptor_pool, _create_shader_module, _create_descriptor_set_layout, cleanup, allocate_descriptor_set, free_descriptor_set, descriptor_pool_size

  TensorDescriptor (src/core/backends/vulkan/tensor_ops.py)
    Methods: 

  VulkanTensorOps (src/core/backends/vulkan/tensor_ops.py)
    Methods: __init__, _init_pipelines, register_tensor, _copy_to_device, _copy_from_device, cleanup

  VkMemoryType (src/core/backends/vulkan/device.py)
    Bases: Structure
    Methods: 

  VkMemoryHeap (src/core/backends/vulkan/device.py)
    Bases: Structure
    Methods: 

  VkPhysicalDeviceMemoryProperties (src/core/backends/vulkan/device.py)
    Bases: Structure
    Methods: 

  VkQueueFamilyProperties (src/core/backends/vulkan/device.py)
    Bases: Structure
    Methods: 

  VkLayerProperties (src/core/backends/vulkan/device.py)
    Bases: Structure
    Methods: 

  VkApplicationInfo (src/core/backends/vulkan/device.py)
    Bases: Structure
    Methods: 

  VkInstanceCreateInfo (src/core/backends/vulkan/device.py)
    Bases: Structure
    Methods: 

  VkDeviceQueueCreateInfo (src/core/backends/vulkan/device.py)
    Bases: Structure
    Methods: 

  VkPhysicalDeviceFeatures (src/core/backends/vulkan/device.py)
    Bases: Structure
    Methods: 

  VkDeviceCreateInfo (src/core/backends/vulkan/device.py)
    Bases: Structure
    Methods: 

  QueueFamilyIndices (src/core/backends/vulkan/device.py)
    Methods: is_complete

  VulkanDevice (src/core/backends/vulkan/device.py)
    Methods: __init__, initialize, _create_instance, _select_physical_device, _create_logical_device, _find_queue_families, _is_device_suitable, _check_validation_layer_support, get_memory_properties, cleanup

  CommandConfig (src/core/backends/vulkan/command_buffer.py)
    Methods: 

  VulkanSync (src/core/backends/vulkan/command_buffer.py)
    Methods: __init__, create_fence, create_binary_semaphore, create_timeline_semaphore, create_event, signal_fence, wait_fence, wait_semaphore, set_event, reset_event, memory_barrier, pipeline_barrier, queue_submit, compute_operation, wait_idle, set_queue, destroy_fence, destroy_semaphore, destroy_event, cleanup

  CommandBufferManager (src/core/backends/vulkan/command_buffer.py)
    Methods: __init__, _create_command_pool, allocate_command_buffer, record_compute_commands, submit_commands, _submit_batch, cleanup

  ShaderType (src/core/backends/vulkan/shader_manager.py)
    Bases: Enum
    Methods: 

  ShaderConfig (src/core/backends/vulkan/shader_manager.py)
    Methods: 

  ShaderManager (src/core/backends/vulkan/shader_manager.py)
    Methods: __init__, load_shader, get_shader, get_push_constant_size, get_descriptor_layout_bindings, get_workgroup_size, cleanup

  TensorDescriptor (src/core/backends/vulkan/compute.py)
    Bases: BaseTensorDescriptor
    Methods: __init__

  ComputeMetrics (src/core/backends/vulkan/compute.py)
    Methods: 

  ShaderInfo (src/core/backends/vulkan/compute.py)
    Methods: 

  VulkanCompute (src/core/backends/vulkan/compute.py)
    Methods: __init__, create_buffer, delete_buffer, create_descriptor_set, delete_descriptor_set, get_metrics, cleanup, register_tensor, compile_shader, set_workgroup_size, execute_compute, transfer_to_device, transfer_to_host, compute_tile

  BufferUsage (src/core/backends/vulkan/memory_manager.py)
    Bases: Enum
    Methods: 

  VkMemoryType (src/core/backends/vulkan/memory_manager.py)
    Bases: Structure
    Methods: 

  VkPhysicalDeviceMemoryProperties (src/core/backends/vulkan/memory_manager.py)
    Bases: Structure
    Methods: 

  BufferBlock (src/core/backends/vulkan/memory_manager.py)
    Methods: 

  MemoryPool (src/core/backends/vulkan/memory_manager.py)
    Methods: __init__, allocate, free, cleanup, _get_usage_flags, _find_memory_type

  VulkanMemoryManager (src/core/backends/vulkan/memory_manager.py)
    Methods: __init__, allocate_tile_state, allocate_cross_tile, allocate_metrics, allocate_uniform, free_buffer, cleanup

  CommandPoolType (src/core/backends/vulkan/command_pool.py)
    Bases: Enum
    Methods: 

  CommandPoolConfig (src/core/backends/vulkan/command_pool.py)
    Methods: 

  CommandPoolManager (src/core/backends/vulkan/command_pool.py)
    Methods: __init__, create_pool, allocate_buffers, reset_pool, trim_pools, free_buffers, _get_or_create_pool, _get_pool_flags, cleanup

  TensorInfo (src/core/backends/vulkan/torch_integration.py)
    Methods: 

  VulkanTorchBackend (src/core/backends/vulkan/torch_integration.py)
    Methods: __init__, register_tensor, compute_tile, _create_tile_descriptor_sets, _record_tile_commands, _copy_buffer_to_tensor, cleanup

  VkMemoryType (src/core/backends/vulkan/memory_pool.py)
    Bases: Structure
    Methods: 

  VkPhysicalDeviceMemoryProperties (src/core/backends/vulkan/memory_pool.py)
    Bases: Structure
    Methods: 

  MemoryBlock (src/core/backends/vulkan/memory_pool.py)
    Methods: 

  MemoryPool (src/core/backends/vulkan/memory_pool.py)
    Methods: __init__, allocate, free, bind_buffer, _find_memory_type, _find_free_block, _allocate_memory, _map_memory, _maybe_merge_blocks, _update_fragmentation, get_stats, cleanup

  ParallelTransport (src/core/attention/geometric.py)
    Bases: nn.Module
    Methods: __init__, forward, schild_ladder, pole_ladder

  HyperbolicExponential (src/core/attention/geometric.py)
    Bases: nn.Module
    Methods: __init__, minkowski_inner, minkowski_norm, project_to_hyperboloid, project_to_tangent, forward

  HyperbolicLogarithm (src/core/attention/geometric.py)
    Bases: nn.Module
    Methods: __init__, minkowski_inner, project_to_hyperboloid, project_to_tangent, forward

  EuclideanExponential (src/core/attention/geometric.py)
    Bases: nn.Module
    Methods: __init__, forward

  EuclideanLogarithm (src/core/attention/geometric.py)
    Bases: nn.Module
    Methods: __init__, forward

  GeometricStructures (src/core/attention/geometric.py)
    Bases: nn.Module
    Methods: __init__, compute_sectional_curvature, compute_geodesic, compute_geodesic_distance, parallel_transport_batch, compute_exponential_map, compute_logarithmic_map, process_points, forward

  InformationRouter (src/core/attention/routing.py)
    Bases: nn.Module
    Methods: __init__, detect_bottlenecks, predict_optimal_path, optimize_bottlenecks, forward

  AttentionCompute (src/core/attention/compute.py)
    Bases: nn.Module
    Methods: __init__, compute_scores, compute_output

  InformationFlowMetrics (src/core/metrics/advanced_metrics.py)
    Methods: compute_ifq

  AdvancedMetricsAnalyzer (src/core/metrics/advanced_metrics.py)
    Methods: __init__, compute_pattern_stability, compute_cross_tile_flow, compute_edge_utilization, compute_info_density, compute_ifq

  EvolutionMetrics (src/core/metrics/evolution.py)
    Methods: 

  LFunctionComputation (src/core/metrics/evolution.py)
    Methods: __init__, compute_l_values

  FlowEvolution (src/core/metrics/evolution.py)
    Methods: __init__, compute_flow, get_evolution_stats

  OrbitAnalysis (src/core/metrics/evolution.py)
    Methods: __init__, analyze_orbit, _estimate_period

  ErgodicAnalysis (src/core/metrics/evolution.py)
    Methods: __init__, compute_ergodic_average

  EvolutionAnalyzer (src/core/metrics/evolution.py)
    Methods: __init__, analyze_evolution

  HeightStructure (src/core/metrics/height_theory.py)
    Methods: __init__, _init_local_height, compute_local_height, compute_canonical_height, analyze_growth

  AdaptiveHeightTheory (src/core/metrics/height_theory.py)
    Methods: __init__, forward, adapt

  FlowComputation (src/core/flow/computation.py)
    Methods: __init__, compute_gradient_flow, compute_hamiltonian_flow, compute_parallel_transport

  HardwareProfile (src/core/utils/hardware_utils.py)
    Methods: 

  GeometricStructures (src/core/tiling/quantum_geometric_attention.py)
    Methods: __post_init__

  PatternDynamics (src/core/tiling/quantum_geometric_attention.py)
    Methods: __init__, update_patterns

  AttentionState (src/core/tiling/quantum_geometric_attention.py)
    Methods: 

  AttentionMetrics (src/core/tiling/quantum_geometric_attention.py)
    Methods: 

  FlowMetrics (src/core/tiling/quantum_geometric_attention.py)
    Methods: 

  QuantumGeometricAttention (src/core/tiling/quantum_geometric_attention.py)
    Bases: nn.Module
    Methods: __init__, compute_fisher_information, detect_patterns, forward, prepare_attention_state, _process_attention, _compute_geometric_features, _apply_parallel_transport, _compute_quantum_features, compute_attention_patterns, compute_entropy, compute_complexity, compute_stability, compute_sparsity, classical_to_quantum, create_attention_parameters, compute_metric_tensor, prepare_code_state, build_attention_complex, _compute_attention_metrics

  QuantumGeometricTransformer (src/core/tiling/quantum_geometric_attention.py)
    Bases: nn.Module
    Methods: __init__, forward

  ArithmeticDynamics (src/core/tiling/arithmetic_dynamics.py)
    Bases: nn.Module
    Methods: __init__, compute_height, compute_dynamics, forward, compute_modular_form, compute_motivic_integral

  ArithmeticPattern (src/core/tiling/arithmetic_dynamics.py)
    Bases: nn.Module
    Methods: __init__, forward

  LoadProfile (src/core/tiling/quantum_attention_tile.py)
    Methods: __init__, total, weighted

  LoadBalancer (src/core/tiling/quantum_attention_tile.py)
    Methods: __init__, update_load, get_load, balance

  QuantumMotivicTile (src/core/tiling/quantum_attention_tile.py)
    Bases: nn.Module
    Methods: __init__, neighbors, get_memory_stats, _initialize_quantum_structure, forward, _apply_attention, _update_quantum_metrics, get_visualization_data, optimize_resources, _compute_information_density, get_metrics, compute_ifq, compute_cer, compute_ae, add_neighbor, _process_impl, adapt_resolution, balance_load

  RiemannianMetric (src/core/tiling/geometric_flow.py)
    Bases: nn.Module
    Methods: __init__, compute_fisher_metric, forward, parallel_transport, compute_christoffel, transition

  GeometricFlow (src/core/tiling/geometric_flow.py)
    Bases: nn.Module
    Methods: __init__, compute_ricci_curvature, evolve_metric, adapt_timestep, check_stability, forward, compute_metric, compute_metric_component, tangent_proj, flow_proj, compute_scalar_curvature

  PatternFlow (src/core/tiling/geometric_flow.py)
    Bases: GeometricFlow
    Methods: __init__, compute_metric, compute_ricci_tensor, flow_step, detect_singularities, forward

  StateType (src/core/tiling/state_manager.py)
    Bases: Enum
    Methods: 

  StateConfig (src/core/tiling/state_manager.py)
    Methods: 

  StateManager (src/core/tiling/state_manager.py)
    Methods: __init__, initialize_state, update_state, calculate_fidelity, get_state_history, validate_state

  GeometricFlowConfig (src/core/tiling/config.py)
    Methods: to_dict, from_dict

  ParameterMonitor (src/core/tiling/optimization/parameter_manager.py)
    Methods: __init__, update, get_statistics

  AdaptiveParameterManager (src/core/tiling/optimization/parameter_manager.py)
    Methods: __init__, step, get_lr, get_state_dict, load_state_dict

  TilingConfig (src/core/tiling/components/config.py)
    Methods: 

  LocalChart (src/core/tiling/patterns/fiber_bundle.py)
    Methods: 

  FiberChart (src/core/tiling/patterns/fiber_bundle.py)
    Methods: 

  FiberBundle (src/core/tiling/patterns/fiber_bundle.py)
    Methods: bundle_projection, local_trivialization, transition_functions, connection_form, parallel_transport

  PatternFiberBundle (src/core/tiling/patterns/fiber_bundle.py)
    Bases: nn.Module
    Methods: __init__, to, _ensure_device, bundle_projection, local_trivialization, transition_functions, _project_metric_compatible, _compute_global_torsion, connection_form, parallel_transport, _transport_step, compute_metric

  RiemannianFiberBundle (src/core/tiling/patterns/cohomology.py)
    Bases: nn.Module
    Methods: __init__, get_fiber, get_connection

  ArithmeticForm (src/core/tiling/patterns/cohomology.py)
    Methods: __init__, _compute_initial_height, _initialize_dynamics, wedge, _evolve_dynamics, exterior_derivative

  MotivicCohomology (src/core/tiling/patterns/cohomology.py)
    Methods: __init__, compute_motive, _compute_stability, _compute_flow, _compute_edge_util, _compute_density, _combine_structures

  HeightStructure (src/core/tiling/patterns/cohomology.py)
    Methods: __init__, compute_height, _compute_local_heights

  ArithmeticDynamics (src/core/tiling/patterns/cohomology.py)
    Methods: __init__, compute_dynamics

  QuantumMotivicCohomology (src/core/tiling/patterns/cohomology.py)
    Methods: __init__, _initialize_quantum, compute_quantum_motive, _quantize_motive

  AdvancedMetricsAnalyzer (src/core/tiling/patterns/cohomology.py)
    Methods: compute_ifq

  CohomologyGroup (src/core/tiling/patterns/cohomology.py)
    Methods: __init__, add_cocycle, cup_product, _is_closed

  DeRhamCohomology (src/core/tiling/patterns/cohomology.py)
    Methods: __init__, compute_cohomology, _compute_kth_cohomology, betti_numbers

  Integration (src/core/tiling/patterns/cohomology.py)
    Methods: __init__, integrate_form, apply_stokes

  ScaleConnectionData (src/core/crystal/scale.py)
    Methods: 

  RGFlow (src/core/crystal/scale.py)
    Methods: 

  AnomalyPolynomial (src/core/crystal/scale.py)
    Methods: 

  ScaleConnection (src/core/crystal/scale.py)
    Methods: __init__, connect_scales, compute_holonomy

  RenormalizationFlow (src/core/crystal/scale.py)
    Methods: __init__, beta_function, find_fixed_points, compute_flow_lines

  AnomalyDetector (src/core/crystal/scale.py)
    Methods: __init__, detect_anomalies, _classify_anomaly

  ScaleInvariance (src/core/crystal/scale.py)
    Methods: __init__, check_invariance, find_invariant_structures

  ScaleCohomology (src/core/crystal/scale.py)
    Methods: __init__, compute_cocycle, compute_coboundary, detect_obstructions, analyze_cohomology

  ScaleSystem (src/core/crystal/scale.py)
    Methods: __init__, analyze_scales

  SymmetryOperation (src/core/crystal/refraction.py)
    Methods: 

  BandStructure (src/core/crystal/refraction.py)
    Methods: 

  SymmetryDetector (src/core/crystal/refraction.py)
    Methods: __init__, detect_point_symmetries, _compute_order, _classify_symmetry

  LatticeDetector (src/core/crystal/refraction.py)
    Methods: __init__, detect_lattice, _determine_lattice_type, _compute_angles

  BandStructureAnalyzer (src/core/crystal/refraction.py)
    Methods: __init__, compute_band_structure, analyze_phonons, _get_path_labels

  RefractionSystem (src/core/crystal/refraction.py)
    Methods: __init__, analyze_pattern, _generate_k_path

  BaseFiberBundle (src/core/patterns/fiber_bundle.py)
    Methods: __init__, bundle_projection, local_trivialization, transition_functions, connection_form, parallel_transport, _transport_step, compute_holonomy_group, compute_holonomy_algebra

  PatternEvolution (src/core/patterns/evolution.py)
    Methods: __init__, step, reset

  BaseRiemannianStructure (src/core/patterns/riemannian.py)
    Bases: nn.Module, ValidationMixin
    Methods: __init__, _clear_cache, _ensure_gradients, validate_metric_properties, validate_connection_properties, compute_metric, compute_christoffel, parallel_transport, compute_curvature, geodesic_flow, lie_derivative_metric, sectional_curvature, exp_map

  PatternRiemannianStructure (src/core/patterns/riemannian.py)
    Bases: BaseRiemannianStructure
    Methods: __init__, __call__, forward, structure, compute_riemann, get_metric_tensor, get_christoffel_values, get_riemann_tensor

  MetricTensor (src/core/patterns/riemannian_base copy.py)
    Methods: 

  ChristoffelSymbols (src/core/patterns/riemannian_base copy.py)
    Methods: 

  CurvatureTensor (src/core/patterns/riemannian_base copy.py)
    Methods: 

  RiemannianStructure (src/core/patterns/riemannian_base copy.py)
    Methods: compute_metric, compute_christoffel, parallel_transport, compute_curvature, geodesic_flow, lie_derivative_metric, sectional_curvature, validate_metric_properties, validate_connection_properties

  RiemannianValidator (src/core/patterns/riemannian_base copy.py)
    Methods: validate_metric_properties, validate_connection_properties

  ValidationMixin (src/core/patterns/riemannian_base copy.py)
    Methods: validate_metric_properties, validate_connection_properties

  PatternDynamics (src/core/patterns/dynamics.py)
    Methods: __init__, evolve, compute_flow, compute_energy, compute_conserved_quantities

  MotivicMetricTensor (src/core/patterns/motivic_riemannian.py)
    Methods: __init__, with_height

  MotivicChristoffelSymbols (src/core/patterns/motivic_riemannian.py)
    Methods: __init__

  MotivicCurvatureTensor (src/core/patterns/motivic_riemannian.py)
    Methods: __init__, _compute_cohomology

  MotivicRiemannianStructure (src/core/patterns/motivic_riemannian.py)
    Bases: BaseFiberBundle, RiemannianFiberBundle, ValidationMixin, nn.Module
    Methods: __init__, _create_local_chart, _create_fiber_chart, _ensure_device, bundle_projection, local_trivialization, transition_functions, connection_form, parallel_transport, get_fiber, get_connection, compute_metric, compute_christoffel, _compute_standard_christoffel, compute_curvature, _compute_riemann, validate_metric_properties, validate_connection_properties, _validate_local_heights, _check_metric_compatibility

  SymplecticForm (src/core/patterns/symplectic.py)
    Methods: __post_init__, evaluate

  SymplecticStructure (src/core/patterns/symplectic.py)
    Methods: __init__, standard_form, compute_form, compute_volume, hamiltonian_vector_field, poisson_bracket

  MetricTensor (src/core/patterns/riemannian_base.py)
    Methods: 

  ChristoffelSymbols (src/core/patterns/riemannian_base.py)
    Methods: 

  CurvatureTensor (src/core/patterns/riemannian_base.py)
    Methods: 

  RiemannianStructure (src/core/patterns/riemannian_base.py)
    Methods: compute_metric, compute_christoffel, parallel_transport, compute_curvature, geodesic_flow, lie_derivative_metric, sectional_curvature, validate_metric_properties, validate_connection_properties

  RiemannianValidator (src/core/patterns/riemannian_base.py)
    Methods: validate_metric_properties, validate_connection_properties

  ValidationMixin (src/core/patterns/riemannian_base.py)
    Methods: validate_metric_properties, validate_connection_properties

  BifurcationAnalyzer (src/core/patterns/formation.py)
    Methods: __init__, detect_bifurcations, _compute_stability_metrics, _is_bifurcation, analyze_stability, _evolve_pattern

  PatternFormation (src/core/patterns/formation.py)
    Methods: __init__, evolve, compute_energy, compute_stability


Inheritance Hierarchy:
- nn.ModuleDict
  - LayerGeometryDict
- ABC
  - ValidationResult
  - MemoryManagerBase
    - CPUMemoryManager
    - VulkanMemoryManager
- _PatternDynamics
  - PatternDynamics
- Enum
  - MetricDomain
  - AccessPattern
  - ResolutionStrategy
  - PipelineType
  - ShaderType
  - BufferUsage
  - CommandPoolType
  - StateType
- ValidationMixin
  - BaseRiemannianStructure
    - PatternRiemannianStructure
  - MotivicRiemannianStructure
- Exception
  - ResourceAllocationError
  - MemoryError
- TypedDict
  - FastPathDict
- Structure
  - VkMemoryRequirements
  - VkShaderModuleCreateInfo
  - VkDescriptorSetLayoutBinding
  - VkDescriptorSetLayoutCreateInfo
  - VkPushConstantRange
  - VkPipelineLayoutCreateInfo
  - VkPipelineShaderStageCreateInfo
  - VkComputePipelineCreateInfo
  - VkCommandBufferAllocateInfo
  - VkCommandBufferBeginInfo
  - VkSubmitInfo
  - VkBufferMemoryBarrier
  - VkExtent3D
  - VkQueueFamilyProperties
  - VkApplicationInfo
  - VkInstanceCreateInfo
  - VkDeviceQueueCreateInfo
  - VkPhysicalDeviceFeatures
  - VkDeviceCreateInfo
  - VkCommandPoolCreateInfo
  - VkMemoryType
  - VkMemoryHeap
  - VkPhysicalDeviceMemoryProperties
  - VkLayerProperties
- nn.Module
  - DiffusionSystem
  - RicciTensorNetwork
  - FlowStepNetwork
  - SingularityDetector
  - FlowNormalizer
  - GeometricFlow
    - PatternFlow
  - HamiltonianNetwork
  - SymplecticIntegrator
  - PoissonBracket
  - ConservationLaws
  - HamiltonianSystem
  - LayerGeometry
  - ModelGeometry
  - ParallelTransport
  - HyperbolicExponential
  - HyperbolicLogarithm
  - EuclideanExponential
  - EuclideanLogarithm
  - GeometricStructures
  - InformationRouter
  - AttentionCompute
  - QuantumGeometricAttention
  - QuantumGeometricTransformer
  - ArithmeticDynamics
  - ArithmeticPattern
  - QuantumMotivicTile
  - RiemannianMetric
  - PatternFiberBundle
  - RiemannianFiberBundle
- Protocol
  - ReactionTerm
  - ValidationProtocol
  - TensorConvertible
  - ConvertibleToInt
  - BackendProtocol
  - AttentionTile
  - AttentionBackend
  - BaseAttention
  - FiberBundle
  - RiemannianFramework
- BaseFiberBundle
- BaseTensorDescriptor
  - TensorDescriptor
