src/
├── classes_quantum_patterns.dot
├── core
│   ├── attention
│   │   ├── base.py
│   │   ├── compute.py
│   │   ├── geometric.py
│   │   ├── __init__.py
│   │   ├── patterns.py.bak
│   │   ├── __pycache__
│   │   │   ├── compute.cpython-312.pyc
│   │   │   ├── geometric.cpython-312.pyc
│   │   │   └── __init__.cpython-312.pyc
│   │   ├── quantum.py.bak
│   │   └── routing.py
│   ├── backends
│   │   ├── base.py
│   │   ├── cpu
│   │   │   └── __init__.py
│   │   ├── __pycache__
│   │   │   └── base.cpython-312.pyc
│   │   └── vulkan
│   │       ├── buddy_allocator.py
│   │       ├── command_buffer.py
│   │       ├── command_pool.py
│   │       ├── compute.py
│   │       ├── device.py
│   │       ├── impl
│   │       │   └── __init__.py
│   │       ├── memory_manager.py
│   │       ├── memory_pool.py
│   │       ├── memory.py
│   │       ├── pipeline.py
│   │       ├── __pycache__
│   │       │   ├── command_buffer.cpython-312.pyc
│   │       │   ├── command_pool.cpython-312.pyc
│   │       │   ├── compute.cpython-312.pyc
│   │       │   ├── device.cpython-312.pyc
│   │       │   ├── memory_manager.cpython-312.pyc
│   │       │   ├── pipeline.cpython-312.pyc
│   │       │   ├── shader_manager.cpython-312.pyc
│   │       │   └── tensor_ops.cpython-312.pyc
│   │       ├── shader_manager.py
│   │       ├── shaders
│   │       │   ├── adaptive_attention_backward.comp
│   │       │   ├── adaptive_attention.comp
│   │       │   ├── advanced_metrics.comp
│   │       │   ├── cross_modal_patterns.comp
│   │       │   ├── cross_tile_router.comp
│   │       │   ├── information_metrics.comp
│   │       │   ├── __init__.py
│   │       │   ├── matmul.comp
│   │       │   ├── pattern_transfer.comp
│   │       │   ├── routing_optimization.comp
│   │       │   ├── shader_common.glsl
│   │       │   └── tile_processor.comp
│   │       ├── tensor_ops.py
│   │       ├── tests
│   │       │   ├── __init__.py
│   │       │   └── test_tensor_ops.py
│   │       └── torch_integration.py
│   ├── benchmarks
│   │   ├── __init__.py
│   │   ├── metrics.py
│   │   └── __pycache__
│   │       ├── __init__.cpython-312.pyc
│   │       └── metrics.cpython-312.pyc
│   ├── common
│   │   ├── constants.py
│   │   ├── enums.py
│   │   ├── __init__.py
│   │   └── __pycache__
│   │       ├── constants.cpython-312.pyc
│   │       ├── enums.cpython-312.pyc
│   │       └── __init__.cpython-312.pyc
│   ├── crystal
│   │   ├── __pycache__
│   │   │   └── scale.cpython-312.pyc
│   │   ├── refraction.py
│   │   └── scale.py
│   ├── flow
│   │   ├── computation.py
│   │   ├── __init__.py
│   │   └── __pycache__
│   │       ├── computation.cpython-312.pyc
│   │       └── __init__.cpython-312.pyc
│   ├── __init__.py
│   ├── interfaces
│   │   ├── attention.py
│   │   └── backend.py
│   ├── metrics
│   │   ├── advanced_metrics.py
│   │   ├── density_analyzer.py.bak
│   │   ├── evolution.py
│   │   ├── height_theory.py
│   │   └── __init__.py
│   ├── models
│   │   ├── base.py
│   │   ├── __init__.py
│   │   └── __pycache__
│   │       ├── base.cpython-312.pyc
│   │       └── __init__.cpython-312.pyc
│   ├── parameters.py
│   ├── patterns
│   │   ├── dynamics.py
│   │   ├── evolution.py
│   │   ├── fiber_bundle.py
│   │   ├── formation.py
│   │   ├── __init__.py
│   │   ├── motivic_riemannian.py
│   │   ├── __pycache__
│   │   │   ├── dynamics.cpython-312.pyc
│   │   │   ├── evolution.cpython-312.pyc
│   │   │   ├── fiber_bundle.cpython-312.pyc
│   │   │   ├── fiber_bundle_protocol.cpython-312.pyc
│   │   │   ├── formation.cpython-312.pyc
│   │   │   ├── __init__.cpython-312.pyc
│   │   │   ├── motivic_riemannian.cpython-312.pyc
│   │   │   ├── riemannian_base.cpython-312.pyc
│   │   │   ├── riemannian.cpython-312.pyc
│   │   │   └── symplectic.cpython-312.pyc
│   │   ├── riemannian_base copy.py
│   │   ├── riemannian_base.py
│   │   ├── riemannian.py
│   │   └── symplectic.py
│   ├── performance
│   │   ├── analysis
│   │   │   └── analyzer.py
│   │   ├── benchmarks
│   │   │   ├── core
│   │   │   │   └── operations.py
│   │   │   ├── memory
│   │   │   │   └── allocation.py
│   │   │   ├── run_vulkan_benchmarks.py
│   │   │   ├── scaling
│   │   │   │   └── tests.py
│   │   │   └── vulkan
│   │   │       ├── benchmark_runner.py
│   │   │       └── memory_benchmarks.py
│   │   ├── cpu
│   │   │   ├── algorithms.py
│   │   │   ├── __init__.py
│   │   │   ├── memory_management.py
│   │   │   ├── memory.py
│   │   │   ├── __pycache__
│   │   │   │   ├── algorithms.cpython-312.pyc
│   │   │   │   ├── __init__.cpython-312.pyc
│   │   │   │   ├── memory.cpython-312.pyc
│   │   │   │   ├── memory_management.cpython-312.pyc
│   │   │   │   └── vectorization.cpython-312.pyc
│   │   │   └── vectorization.py
│   │   ├── cpu_memory.py
│   │   ├── cpu_memory.py.bak
│   │   ├── cpu_optimizer.py
│   │   ├── gpu
│   │   │   ├── __init__.py
│   │   │   └── memory_management.py
│   │   ├── __init__.py
│   │   ├── memory_base.py
│   │   ├── memory_base.py.bak
│   │   ├── monitoring
│   │   │   └── metrics.py
│   │   ├── profiling
│   │   │   └── tools.py
│   │   ├── __pycache__
│   │   │   ├── cpu_optimizer.cpython-312.pyc
│   │   │   ├── __init__.cpython-312.pyc
│   │   │   ├── memory_base.cpython-312.pyc
│   │   │   └── vulkan_memory.cpython-312.pyc
│   │   ├── README.md
│   │   ├── vulkan
│   │   │   ├── compute.py
│   │   │   ├── __init__.py
│   │   │   ├── memory
│   │   │   │   ├── barrier_manager.py
│   │   │   │   ├── buffer_manager.py
│   │   │   │   ├── memory_pool.py
│   │   │   │   └── __pycache__
│   │   │   │       ├── barrier_manager.cpython-312.pyc
│   │   │   │       └── memory_pool.cpython-312.pyc
│   │   │   ├── memory_management.py.bak
│   │   │   ├── __pycache__
│   │   │   │   ├── __init__.cpython-312.pyc
│   │   │   │   └── sync.cpython-312.pyc
│   │   │   ├── shaders
│   │   │   │   ├── attention_compute.comp
│   │   │   │   ├── attention_compute.comp.spv
│   │   │   │   ├── flow_compute.comp
│   │   │   │   ├── flow_compute.comp.spv
│   │   │   │   ├── pattern_compute.comp
│   │   │   │   └── pattern_compute.comp.spv
│   │   │   ├── shaders.py
│   │   │   └── sync.py
│   │   ├── vulkan_memory.py
│   │   └── vulkan_memory.py.bak
│   ├── __pycache__
│   │   └── __init__.cpython-312.pyc
│   ├── quantum
│   │   ├── crystal.py
│   │   ├── geometric_flow.py
│   │   ├── interfaces.py
│   │   ├── path_integral.py
│   │   ├── __pycache__
│   │   │   ├── state_space.cpython-312.pyc
│   │   │   └── types.cpython-312.pyc
│   │   ├── state_space.py
│   │   └── types.py
│   ├── tiling
│   │   ├── advanced_metrics.py.bak
│   │   ├── arithmetic_dynamics.md
│   │   ├── arithmetic_dynamics.py
│   │   ├── base.py
│   │   ├── components
│   │   │   ├── config.py
│   │   │   └── __init__.py
│   │   ├── components.py
│   │   ├── config.py
│   │   ├── geometric_flow.md
│   │   ├── geometric_flow.py
│   │   ├── __init__.py
│   │   ├── manifold_ops.py.bak
│   │   ├── optimization
│   │   │   ├── __init__.py
│   │   │   └── parameter_manager.py
│   │   ├── patterns
│   │   │   ├── cohomology.py
│   │   │   ├── fiber_bundle.py
│   │   │   ├── __init__.py
│   │   │   └── __pycache__
│   │   │       ├── cohomology.cpython-312.pyc
│   │   │       ├── fiber_bundle.cpython-312.pyc
│   │   │       └── __init__.cpython-312.pyc
│   │   ├── __pycache__
│   │   │   ├── arithmetic_dynamics.cpython-312.pyc
│   │   │   ├── config.cpython-312.pyc
│   │   │   ├── geometric_flow.cpython-312.pyc
│   │   │   ├── __init__.cpython-312.pyc
│   │   │   ├── quantum_attention_tile.cpython-312.pyc
│   │   │   └── quantum_geometric_attention.cpython-312.pyc
│   │   ├── quantum_attention_tile.py
│   │   ├── quantum_geometric_attention.md
│   │   ├── quantum_geometric_attention.py
│   │   ├── state_manager.py
│   │   └── strategies
│   │       └── __init__.py
│   ├── utils
│   │   ├── hardware_utils.py
│   │   ├── profiling
│   │   │   └── __init__.py
│   │   ├── tests
│   │   │   └── test_hardware_utils.py
│   │   └── visualization
│   │       └── __init__.py
│   └── vulkan
│       ├── __init__.py
│       ├── memory.py
│       ├── __pycache__
│       │   ├── __init__.cpython-312.pyc
│       │   ├── memory.cpython-312.pyc
│       │   └── resources.cpython-312.pyc
│       └── resources.py
├── infrastructure
│   ├── base.py
│   ├── cpu_optimizer.py
│   ├── __init__.py
│   ├── memory_manager.py
│   ├── metrics.py
│   ├── parallel.py
│   ├── __pycache__
│   │   ├── base.cpython-312.pyc
│   │   └── __init__.cpython-312.pyc
│   ├── resource.py
│   └── vulkan_integration.py
├── __init__.py
├── metrics
│   ├── advanced_metrics.py.bak
│   ├── attention
│   │   └── __init__.py
│   ├── density_analyzer.py.bak
│   ├── __init__.py
│   ├── load_analyzer.py
│   ├── metrics_tracker.py
│   ├── performance
│   │   └── __init__.py
│   ├── quantum_geometric_metrics.md
│   ├── quantum_geometric_metrics.py
│   ├── synthetic_data.py
│   ├── tiling
│   │   └── __init__.py
│   └── visualization
│       └── __init__.py
├── neural
│   ├── attention
│   │   ├── pattern
│   │   │   ├── diffusion.py
│   │   │   ├── dynamics.py
│   │   │   ├── __init__.py
│   │   │   ├── models.py
│   │   │   ├── __pycache__
│   │   │   │   ├── diffusion.cpython-312.pyc
│   │   │   │   ├── dynamics.cpython-312.pyc
│   │   │   │   ├── __init__.cpython-312.pyc
│   │   │   │   ├── models.cpython-312.pyc
│   │   │   │   ├── reaction.cpython-312.pyc
│   │   │   │   └── stability.cpython-312.pyc
│   │   │   ├── quantum.py
│   │   │   ├── reaction.py
│   │   │   └── stability.py
│   │   ├── pattern_dynamics.py
│   │   ├── pattern_dynamics.py.bak
│   │   └── pattern_dynamics.py.bak2
│   └── flow
│       ├── geometric_flow.py
│       ├── hamiltonian.py
│       └── __pycache__
│           ├── geometric_flow.cpython-312.pyc
│           └── hamiltonian.cpython-312.pyc
├── packages_quantum_patterns.dot
├── __pycache__
│   └── __init__.cpython-312.pyc
├── utils
│   ├── __init__.py
│   ├── memory_management.py
│   ├── __pycache__
│   │   ├── __init__.cpython-312.pyc
│   │   ├── memory_management.cpython-312.pyc
│   │   └── test_helpers.cpython-312-pytest-8.3.4.pyc
│   └── test_helpers.py
└── validation
    ├── analyzers
    │   └── __init__.py
    ├── base.py
    ├── flow
    │   ├── hamiltonian.py
    │   ├── __pycache__
    │   │   └── stability.cpython-312.pyc
    │   └── stability.py
    ├── framework.py
    ├── geometric
    │   ├── flow.py
    │   ├── flow.py.bak
    │   ├── metric.py
    │   ├── model.py
    │   ├── motivic.py
    │   └── __pycache__
    │       ├── flow.cpython-312.pyc
    │       ├── metric.cpython-312.pyc
    │       ├── model.cpython-312.pyc
    │       └── motivic.cpython-312.pyc
    ├── __init__.py
    ├── patterns
    │   ├── decomposition.py
    │   ├── formation.py
    │   ├── perturbation.py
    │   ├── __pycache__
    │   │   ├── decomposition.cpython-312.pyc
    │   │   ├── formation.cpython-312.pyc
    │   │   ├── perturbation.cpython-312.pyc
    │   │   └── stability.cpython-312.pyc
    │   └── stability.py
    ├── __pycache__
    │   ├── base.cpython-312.pyc
    │   ├── framework.cpython-312.pyc
    │   └── __init__.cpython-312.pyc
    └── quantum
        ├── evolution.py
        ├── __init__.py
        ├── __pycache__
        │   ├── __init__.cpython-312.pyc
        │   └── state.cpython-312.pyc
        └── state.py

87 directories, 284 files
